[11-Dec-2016 20:03:53 America/New_York] PHP Notice:  Access to undefined property database in /Users/dqj/Local/dev/apps/cogentqi/backend/App/Controllers/MessageController.php on line 42
[11-Dec-2016 20:03:53 America/New_York] PHP Stack trace:
[11-Dec-2016 20:03:53 America/New_York] PHP   1. {main}() /Users/dqj/Local/dev/apps/cogentqi/frontend/www/assets/api/index.php:0
[11-Dec-2016 20:03:53 America/New_York] PHP   2. Phalcon\Mvc\Application->handle() /Users/dqj/Local/dev/apps/cogentqi/frontend/www/assets/api/index.php:67
[11-Dec-2016 20:03:53 America/New_York] PHP   3. Phalcon\Dispatcher->dispatch() /Users/dqj/Local/dev/apps/cogentqi/frontend/www/assets/api/index.php:67
[11-Dec-2016 20:03:53 America/New_York] PHP   4. Phalcon\Dispatcher->_dispatch() /Users/dqj/Local/dev/apps/cogentqi/frontend/www/assets/api/index.php:67
[11-Dec-2016 20:03:53 America/New_York] PHP   5. Phalcon\Dispatcher->callActionMethod() /Users/dqj/Local/dev/apps/cogentqi/frontend/www/assets/api/index.php:67
[11-Dec-2016 20:03:53 America/New_York] PHP   6. App\Controllers\MessageController->sendAction() /Users/dqj/Local/dev/apps/cogentqi/frontend/www/assets/api/index.php:67
[11-Dec-2016 20:03:53 America/New_York] PHP   7. Phalcon\Di\Injectable->__get() /Users/dqj/Local/dev/apps/cogentqi/frontend/www/assets/api/index.php:42
[11-Dec-2016 20:03:53 America/New_York] PHP   8. trigger_error() /Users/dqj/Local/dev/apps/cogentqi/frontend/www/assets/api/index.php:42
[11-Dec-2016 20:03:53 America/New_York] PHP Fatal error:  Call to a member function table() on null in /Users/dqj/Local/dev/apps/cogentqi/backend/App/Controllers/MessageController.php on line 42
[11-Dec-2016 20:03:53 America/New_York] PHP Stack trace:
[11-Dec-2016 20:03:53 America/New_York] PHP   1. {main}() /Users/dqj/Local/dev/apps/cogentqi/frontend/www/assets/api/index.php:0
[11-Dec-2016 20:03:53 America/New_York] PHP   2. Phalcon\Mvc\Application->handle() /Users/dqj/Local/dev/apps/cogentqi/frontend/www/assets/api/index.php:67
[11-Dec-2016 20:03:53 America/New_York] PHP   3. Phalcon\Dispatcher->dispatch() /Users/dqj/Local/dev/apps/cogentqi/frontend/www/assets/api/index.php:67
[11-Dec-2016 20:03:53 America/New_York] PHP   4. Phalcon\Dispatcher->_dispatch() /Users/dqj/Local/dev/apps/cogentqi/frontend/www/assets/api/index.php:67
[11-Dec-2016 20:03:53 America/New_York] PHP   5. Phalcon\Dispatcher->callActionMethod() /Users/dqj/Local/dev/apps/cogentqi/frontend/www/assets/api/index.php:67
[11-Dec-2016 20:03:53 America/New_York] PHP   6. App\Controllers\MessageController->sendAction() /Users/dqj/Local/dev/apps/cogentqi/frontend/www/assets/api/index.php:67
[11-Dec-2016 20:06:20 America/New_York] PHP Fatal error:  Cannot use object of type App\Models\Member as array in /Users/dqj/Local/dev/apps/cogentqi/backend/App/Controllers/MessageController.php on line 45
[11-Dec-2016 20:06:20 America/New_York] PHP Stack trace:
[11-Dec-2016 20:06:20 America/New_York] PHP   1. {main}() /Users/dqj/Local/dev/apps/cogentqi/frontend/www/assets/api/index.php:0
[11-Dec-2016 20:06:20 America/New_York] PHP   2. Phalcon\Mvc\Application->handle() /Users/dqj/Local/dev/apps/cogentqi/frontend/www/assets/api/index.php:67
[11-Dec-2016 20:06:20 America/New_York] PHP   3. Phalcon\Dispatcher->dispatch() /Users/dqj/Local/dev/apps/cogentqi/frontend/www/assets/api/index.php:67
[11-Dec-2016 20:06:20 America/New_York] PHP   4. Phalcon\Dispatcher->_dispatch() /Users/dqj/Local/dev/apps/cogentqi/frontend/www/assets/api/index.php:67
[11-Dec-2016 20:06:20 America/New_York] PHP   5. Phalcon\Dispatcher->callActionMethod() /Users/dqj/Local/dev/apps/cogentqi/frontend/www/assets/api/index.php:67
[11-Dec-2016 20:06:20 America/New_York] PHP   6. App\Controllers\MessageController->sendAction() /Users/dqj/Local/dev/apps/cogentqi/frontend/www/assets/api/index.php:67
