0 info it worked if it ends with ok
1 verbose cli [ 'node', '/usr/local/bin/npm', 'install', '--global', 'cordova' ]
2 info using npm@2.5.1
3 info using node@v0.12.0
4 verbose node symlink /usr/local/bin/node
5 silly cache add args [ 'cordova', null ]
6 verbose cache add spec cordova
7 silly cache add parsed spec { raw: 'cordova',
7 silly cache add   scope: null,
7 silly cache add   name: 'cordova',
7 silly cache add   rawSpec: '',
7 silly cache add   spec: '*',
7 silly cache add   type: 'range' }
8 verbose addNamed cordova@*
9 silly addNamed semver.valid null
10 silly addNamed semver.validRange *
11 silly addNameRange { name: 'cordova', range: '*', hasData: false }
12 silly mapToRegistry name cordova
13 silly mapToRegistry using default registry
14 silly mapToRegistry registry https://registry.npmjs.org/
15 silly mapToRegistry uri https://registry.npmjs.org/cordova
16 verbose addNameRange registry:https://registry.npmjs.org/cordova not in flight; fetching
17 verbose request uri https://registry.npmjs.org/cordova
18 verbose request no auth needed
19 info attempt registry request try #1 at 10:46:30
20 verbose request id c6ff73cc3c83fada
21 verbose etag "23YZPP2M4Z1HVQ0P3FML7QIU4"
22 http request GET https://registry.npmjs.org/cordova
23 http 304 https://registry.npmjs.org/cordova
24 silly get cb [ 304,
24 silly get   { date: 'Fri, 06 Mar 2015 15:46:30 GMT',
24 silly get     server: 'Apache',
24 silly get     via: '1.1 varnish',
24 silly get     'last-modified': 'Fri, 06 Mar 2015 15:46:30 GMT',
24 silly get     'cache-control': 'max-age=60',
24 silly get     etag: '"23YZPP2M4Z1HVQ0P3FML7QIU4"',
24 silly get     age: '0',
24 silly get     'x-served-by': 'cache-ord1728-ORD',
24 silly get     'x-cache': 'MISS',
24 silly get     'x-cache-hits': '0',
24 silly get     'x-timer': 'S1425656790.648448,VS0,VE62',
24 silly get     vary: 'Accept',
24 silly get     'content-length': '0',
24 silly get     'keep-alive': 'timeout=10, max=50',
24 silly get     connection: 'Keep-Alive' } ]
25 verbose etag https://registry.npmjs.org/cordova from cache
26 verbose get saving cordova to /Users/dqj/.npm/registry.npmjs.org/cordova/.cache.json
27 silly addNameRange number 2 { name: 'cordova', range: '*', hasData: true }
28 silly addNameRange versions [ 'cordova',
28 silly addNameRange   [ '0.0.1',
28 silly addNameRange     '0.0.2',
28 silly addNameRange     '0.0.3',
28 silly addNameRange     '0.0.4',
28 silly addNameRange     '0.0.5',
28 silly addNameRange     '0.0.6',
28 silly addNameRange     '0.0.7',
28 silly addNameRange     '0.0.8',
28 silly addNameRange     '0.0.9',
28 silly addNameRange     '0.1.0',
28 silly addNameRange     '0.1.1',
28 silly addNameRange     '0.1.2',
28 silly addNameRange     '0.1.3',
28 silly addNameRange     '0.1.4',
28 silly addNameRange     '0.1.5',
28 silly addNameRange     '0.1.6',
28 silly addNameRange     '0.1.7',
28 silly addNameRange     '0.1.8',
28 silly addNameRange     '0.1.9',
28 silly addNameRange     '0.1.10',
28 silly addNameRange     '0.1.11',
28 silly addNameRange     '0.1.12',
28 silly addNameRange     '0.1.13',
28 silly addNameRange     '0.1.14',
28 silly addNameRange     '2.2.0',
28 silly addNameRange     '2.3.0',
28 silly addNameRange     '2.3.1',
28 silly addNameRange     '2.3.2',
28 silly addNameRange     '2.3.3',
28 silly addNameRange     '2.3.5',
28 silly addNameRange     '2.3.6',
28 silly addNameRange     '2.4.0',
28 silly addNameRange     '2.4.1',
28 silly addNameRange     '2.4.2',
28 silly addNameRange     '2.4.3',
28 silly addNameRange     '2.4.4',
28 silly addNameRange     '2.4.5',
28 silly addNameRange     '2.4.6',
28 silly addNameRange     '2.4.7',
28 silly addNameRange     '2.4.8',
28 silly addNameRange     '2.4.9',
28 silly addNameRange     '2.4.10',
28 silly addNameRange     '2.5.0',
28 silly addNameRange     '2.5.2',
28 silly addNameRange     '2.5.3',
28 silly addNameRange     '2.5.4',
28 silly addNameRange     '2.5.5',
28 silly addNameRange     '2.6.0',
28 silly addNameRange     '2.6.1',
28 silly addNameRange     '2.6.2',
28 silly addNameRange     '2.7.0-rc.1',
28 silly addNameRange     '2.7.1-rc.1',
28 silly addNameRange     '2.7.2',
28 silly addNameRange     '2.7.3',
28 silly addNameRange     '2.7.4',
28 silly addNameRange     '2.8.0',
28 silly addNameRange     '2.8.1',
28 silly addNameRange     '2.8.2',
28 silly addNameRange     '2.8.3',
28 silly addNameRange     '2.8.4',
28 silly addNameRange     '2.8.5',
28 silly addNameRange     '2.8.6',
28 silly addNameRange     '2.8.7',
28 silly addNameRange     '2.8.8',
28 silly addNameRange     '2.8.9',
28 silly addNameRange     '2.8.10',
28 silly addNameRange     '2.8.11',
28 silly addNameRange     '2.8.12',
28 silly addNameRange     '2.8.13',
28 silly addNameRange     '2.8.14',
28 silly addNameRange     '2.8.15',
28 silly addNameRange     '2.8.16',
28 silly addNameRange     '2.8.17',
28 silly addNameRange     '2.8.18',
28 silly addNameRange     '2.8.19',
28 silly addNameRange     '2.8.20',
28 silly addNameRange     '2.8.21',
28 silly addNameRange     '2.8.22',
28 silly addNameRange     '2.8.23',
28 silly addNameRange     '2.8.24',
28 silly addNameRange     '2.8.25',
28 silly addNameRange     '2.9.0',
28 silly addNameRange     '2.9.1',
28 silly addNameRange     '2.9.2',
28 silly addNameRange     '2.9.3',
28 silly addNameRange     '2.9.4',
28 silly addNameRange     '2.9.5',
28 silly addNameRange     '2.9.6',
28 silly addNameRange     '2.9.7',
28 silly addNameRange     '3.0.0-rc1',
28 silly addNameRange     '3.0.0-rc1-1',
28 silly addNameRange     '3.0.0-rc1-3',
28 silly addNameRange     '3.0.0',
28 silly addNameRange     '3.0.1',
28 silly addNameRange     '3.0.2',
28 silly addNameRange     '3.0.3',
28 silly addNameRange     '3.0.4',
28 silly addNameRange     '3.0.5',
28 silly addNameRange     '3.0.6',
28 silly addNameRange     '3.0.7',
28 silly addNameRange     '3.0.8',
28 silly addNameRange     '3.0.9',
28 silly addNameRange     '3.0.10',
28 silly addNameRange     '3.1.0-0.1.0',
28 silly addNameRange     '3.1.0-0.2.0',
28 silly addNameRange     '3.2.0-rc.1',
28 silly addNameRange     '3.2.0-0.1.0',
28 silly addNameRange     '3.2.0-0.2.0',
28 silly addNameRange     '3.2.0-0.3.0',
28 silly addNameRange     '3.2.0-0.4.0',
28 silly addNameRange     '3.3.0-rc.1',
28 silly addNameRange     '3.3.0-0.1.1',
28 silly addNameRange     '3.3.1-0.1.2',
28 silly addNameRange     '2.9.0-rc1',
28 silly addNameRange     '3.3.1-0.3.0',
28 silly addNameRange     '3.3.1-0.3.1',
28 silly addNameRange     '3.3.1-0.4.1',
28 silly addNameRange     '3.3.1-0.4.2',
28 silly addNameRange     '3.4.0-0.1.0',
28 silly addNameRange     '3.4.0-0.1.1',
28 silly addNameRange     '3.4.0-0.1.2',
28 silly addNameRange     '3.4.0-0.1.3',
28 silly addNameRange     '0.0.0-fake',
28 silly addNameRange     '3.4.1-0.1.0',
28 silly addNameRange     '3.5.0-0.2.0',
28 silly addNameRange     '3.5.0-0.2.1',
28 silly addNameRange     '3.5.0-0.2.2',
28 silly addNameRange     '3.5.0-0.2.3',
28 silly addNameRange     '3.5.0-0.2.4',
28 silly addNameRange     '3.5.0-0.2.6',
28 silly addNameRange     '3.5.0-0.2.7',
28 silly addNameRange     '3.6.0-0.2.8',
28 silly addNameRange     '3.6.0-0.2.9',
28 silly addNameRange     '3.6.1-0.2.10',
28 silly addNameRange     '3.6.3-0.2.11',
28 silly addNameRange     '3.6.3-0.2.12',
28 silly addNameRange     '3.6.3-0.2.13',
28 silly addNameRange     '4.0.0',
28 silly addNameRange     '4.0.1',
28 silly addNameRange     '4.1.0',
28 silly addNameRange     '4.1.1',
28 silly addNameRange     '4.1.2',
28 silly addNameRange     '4.1.3-nightly.2014.10.21',
28 silly addNameRange     '4.2.0',
28 silly addNameRange     '4.3.0' ] ]
29 verbose addNamed cordova@4.3.0
30 silly addNamed semver.valid 4.3.0
31 silly addNamed semver.validRange 4.3.0
32 silly cache afterAdd cordova@4.3.0
33 verbose afterAdd /Users/dqj/.npm/cordova/4.3.0/package/package.json not in flight; writing
34 verbose afterAdd /Users/dqj/.npm/cordova/4.3.0/package/package.json written
35 silly install resolved [ { name: 'cordova',
35 silly install resolved     version: '4.3.0',
35 silly install resolved     preferGlobal: 'true',
35 silly install resolved     description: 'Cordova command line interface tool',
35 silly install resolved     main: 'cordova',
35 silly install resolved     engines: { node: '>=0.9.9' },
35 silly install resolved     engineStrict: true,
35 silly install resolved     bin: { cordova: './bin/cordova' },
35 silly install resolved     scripts:
35 silly install resolved      { test: 'node node_modules/jasmine-node/bin/jasmine-node --captureExceptions --color spec',
35 silly install resolved        cover: 'node node_modules/istanbul/lib/cli.js cover --root src --print detail node_modules/jasmine-node/bin/jasmine-node -- spec' },
35 silly install resolved     repository:
35 silly install resolved      { type: 'git',
35 silly install resolved        url: 'https://git-wip-us.apache.org/repos/asf/cordova-cli.git' },
35 silly install resolved     bugs:
35 silly install resolved      { url: 'https://issues.apache.org/jira/browse/CB',
35 silly install resolved        email: 'dev@cordova.apache.org' },
35 silly install resolved     keywords: [ 'cordova', 'client', 'cli' ],
35 silly install resolved     dependencies:
35 silly install resolved      { 'cordova-lib': '4.3.0',
35 silly install resolved        q: '1.0.1',
35 silly install resolved        nopt: '3.0.1',
35 silly install resolved        underscore: '1.7.0' },
35 silly install resolved     devDependencies:
35 silly install resolved      { istanbul: '^0.3.4',
35 silly install resolved        grunt: '0.4.5',
35 silly install resolved        'grunt-retire': '0.3.7',
35 silly install resolved        'jasmine-node': '1.14.5' },
35 silly install resolved     author: { name: 'Anis Kadri' },
35 silly install resolved     contributors:
35 silly install resolved      [ [Object],
35 silly install resolved        [Object],
35 silly install resolved        [Object],
35 silly install resolved        [Object],
35 silly install resolved        [Object],
35 silly install resolved        [Object],
35 silly install resolved        [Object],
35 silly install resolved        [Object],
35 silly install resolved        [Object],
35 silly install resolved        [Object],
35 silly install resolved        [Object],
35 silly install resolved        [Object],
35 silly install resolved        [Object],
35 silly install resolved        [Object],
35 silly install resolved        [Object],
35 silly install resolved        [Object],
35 silly install resolved        [Object],
35 silly install resolved        [Object],
35 silly install resolved        [Object],
35 silly install resolved        [Object],
35 silly install resolved        [Object],
35 silly install resolved        [Object],
35 silly install resolved        [Object],
35 silly install resolved        [Object] ],
35 silly install resolved     license: 'Apache version 2.0',
35 silly install resolved     _id: 'cordova@4.3.0',
35 silly install resolved     _shasum: '3386c35f454591eee58458584a6006f7bfcb3f0c',
35 silly install resolved     _resolved: 'https://registry.npmjs.org/cordova/-/cordova-4.3.0.tgz',
35 silly install resolved     _from: 'cordova@*',
35 silly install resolved     _npmVersion: '2.5.1',
35 silly install resolved     _nodeVersion: '0.10.36',
35 silly install resolved     _npmUser: { name: 'stevegill', email: 'stevengill97@gmail.com' },
35 silly install resolved     maintainers:
35 silly install resolved      [ [Object],
35 silly install resolved        [Object],
35 silly install resolved        [Object],
35 silly install resolved        [Object],
35 silly install resolved        [Object],
35 silly install resolved        [Object],
35 silly install resolved        [Object],
35 silly install resolved        [Object],
35 silly install resolved        [Object],
35 silly install resolved        [Object],
35 silly install resolved        [Object],
35 silly install resolved        [Object],
35 silly install resolved        [Object],
35 silly install resolved        [Object],
35 silly install resolved        [Object],
35 silly install resolved        [Object] ],
35 silly install resolved     dist:
35 silly install resolved      { shasum: '3386c35f454591eee58458584a6006f7bfcb3f0c',
35 silly install resolved        tarball: 'http://registry.npmjs.org/cordova/-/cordova-4.3.0.tgz' },
35 silly install resolved     directories: {},
35 silly install resolved     readme: 'ERROR: No README data found!' } ]
36 info install cordova@4.3.0 into /usr/local/lib
37 info installOne cordova@4.3.0
38 verbose installOne of cordova to /usr/local/lib not in flight; installing
39 verbose lock using /Users/dqj/.npm/_locks/cordova-fa12e2e096426a32.lock for /usr/local/lib/node_modules/cordova
40 silly install write writing cordova 4.3.0 to /usr/local/lib/node_modules/cordova
41 silly cache addNamed cb cordova@4.3.0
42 verbose unbuild lib/node_modules/cordova
43 info preuninstall cordova@4.3.0
44 info uninstall cordova@4.3.0
45 verbose unbuild rmStuff cordova@4.3.0 from /usr/local/lib/node_modules
46 verbose gentlyRm verifying that /usr/local is managed by npm
47 silly isManaged /usr/local is not inside /usr/local/lib/node_modules
48 silly isManaged /usr/local is not inside /usr/local/lib/node_modules
49 silly isManaged /usr/local/bin is inside /usr/local
50 silly gentlyRm /usr/local is managed by npm
51 silly gentlyRm /usr/local/bin/cordova is under /usr/local
52 verbose gentlyRm vacuuming /usr/local/bin/cordova up to /usr/local
53 silly gentlyRm removing /usr/local/bin/cordova
54 silly gentlyRm quitting because other entries in /usr/local/bin
55 info postuninstall cordova@4.3.0
56 verbose gentlyRm vacuuming /usr/local/lib/node_modules/cordova
57 silly gentlyRm purging /usr/local/lib/node_modules/cordova
58 verbose unlock done using /Users/dqj/.npm/_locks/cordova-fa12e2e096426a32.lock for /usr/local/lib/node_modules/cordova
59 verbose stack Error: EACCES, unlink '/usr/local/lib/node_modules/cordova/CONTRIBUTING.md'
59 verbose stack     at Error (native)
60 verbose cwd /Users/dqj/Local/dev/apps/seeqi/www/img
61 error Darwin 14.1.0
62 error argv "node" "/usr/local/bin/npm" "install" "--global" "cordova"
63 error node v0.12.0
64 error npm  v2.5.1
65 error path /usr/local/lib/node_modules/cordova/CONTRIBUTING.md
66 error code EACCES
67 error errno -13
68 error Error: EACCES, unlink '/usr/local/lib/node_modules/cordova/CONTRIBUTING.md'
68 error     at Error (native)
68 error  { [Error: EACCES, unlink '/usr/local/lib/node_modules/cordova/CONTRIBUTING.md']
68 error   errno: -13,
68 error   code: 'EACCES',
68 error   path: '/usr/local/lib/node_modules/cordova/CONTRIBUTING.md' }
69 error Please try running this command again as root/Administrator.
70 verbose exit [ -13, true ]
71 verbose unbuild lib/node_modules/cordova
72 info preuninstall cordova@4.3.0
73 info uninstall cordova@4.3.0
74 verbose unbuild rmStuff cordova@4.3.0 from /usr/local/lib/node_modules
75 verbose gentlyRm verifying that /usr/local is managed by npm
76 silly isManaged /usr/local is not inside /usr/local/lib/node_modules
77 silly isManaged /usr/local is not inside /usr/local/lib/node_modules
78 silly isManaged /usr/local is not inside /usr/local/bin
79 silly isManaged /usr/local is inside /usr/local
80 silly gentlyRm /usr/local is managed by npm
81 silly gentlyRm /usr/local/bin/cordova is under /usr/local
82 verbose gentlyRm vacuuming /usr/local/bin/cordova up to /usr/local
83 info postuninstall cordova@4.3.0
84 verbose gentlyRm vacuuming /usr/local/lib/node_modules/cordova
85 silly gentlyRm purging /usr/local/lib/node_modules/cordova
86 error error rolling back Error: EACCES, unlink '/usr/local/lib/node_modules/cordova/CONTRIBUTING.md'
86 error error rolling back     at Error (native)
86 error error rolling back  { [Error: EACCES, unlink '/usr/local/lib/node_modules/cordova/CONTRIBUTING.md']
86 error error rolling back   errno: -13,
86 error error rolling back   code: 'EACCES',
86 error error rolling back   path: '/usr/local/lib/node_modules/cordova/CONTRIBUTING.md' }
