2015-03-06 11:02:51.843 seeqi[84014:1052496] DiskCookieStorage changing policy from 2 to 0, cookie file: file:///Users/dqj/Library/Developer/CoreSimulator/Devices/B0F5A090-0655-4A90-9DAF-CFEC0E02B6FA/data/Containers/Data/Application/D5242837-8CA7-4137-B8C6-5D3EEDEAF2CC/Library/Cookies/Cookies.binarycookies
2015-03-06 11:02:52.080 seeqi[84014:1052496] Apache Cordova native platform version 3.8.0 is starting.
2015-03-06 11:02:52.081 seeqi[84014:1052496] Multi-tasking -> Device: YES, App: YES
2015-03-06 11:02:52.096 seeqi[84014:1052496] Unlimited access to network resources
2015-03-06 11:02:52.509 seeqi[84014:1052496] [CDVTimer][keyboard] 0.048041ms
2015-03-06 11:02:52.509 seeqi[84014:1052496] [CDVTimer][TotalPluginStartup] 0.198007ms
2015-03-06 11:02:53.217 seeqi[84014:1052496] Resetting plugins due to page load.
2015-03-06 11:02:53.446 seeqi[84014:1052496] Finished load of: file:///Users/dqj/Library/Developer/CoreSimulator/Devices/B0F5A090-0655-4A90-9DAF-CFEC0E02B6FA/data/Containers/Bundle/Application/51A0DA76-A92F-4DDF-BAD0-E16324CE5514/seeqi.app/www/index.html#/tab/dash
2015-03-08 16:53:24.030 seeqi[3369:236320] DiskCookieStorage changing policy from 2 to 0, cookie file: file:///Users/dqj/Library/Developer/CoreSimulator/Devices/B0F5A090-0655-4A90-9DAF-CFEC0E02B6FA/data/Containers/Data/Application/56ED0C87-BEF9-4138-993C-0B46A9698EA0/Library/Cookies/Cookies.binarycookies
2015-03-08 16:53:24.260 seeqi[3369:236320] Apache Cordova native platform version 3.8.0 is starting.
2015-03-08 16:53:24.260 seeqi[3369:236320] Multi-tasking -> Device: YES, App: YES
2015-03-08 16:53:24.273 seeqi[3369:236320] Unlimited access to network resources
2015-03-08 16:53:24.723 seeqi[3369:236320] [CDVTimer][keyboard] 0.059009ms
2015-03-08 16:53:24.723 seeqi[3369:236320] [CDVTimer][TotalPluginStartup] 0.218987ms
2015-03-08 16:53:24.932 seeqi[3369:236320] Resetting plugins due to page load.
2015-03-08 16:53:25.448 seeqi[3369:236320] Finished load of: file:///Users/dqj/Library/Developer/CoreSimulator/Devices/B0F5A090-0655-4A90-9DAF-CFEC0E02B6FA/data/Containers/Bundle/Application/7C67A947-03F3-443C-B0A4-CD41619B1F06/seeqi.app/www/index.html#/tab/dashboard
2015-03-08 17:01:29.698 seeqi[5824:245960] DiskCookieStorage changing policy from 2 to 0, cookie file: file:///Users/dqj/Library/Developer/CoreSimulator/Devices/B0F5A090-0655-4A90-9DAF-CFEC0E02B6FA/data/Containers/Data/Application/A4260CBE-2726-4E12-BAE5-947444F4F152/Library/Cookies/Cookies.binarycookies
2015-03-08 17:01:29.811 seeqi[5824:245960] Apache Cordova native platform version 3.8.0 is starting.
2015-03-08 17:01:29.812 seeqi[5824:245960] Multi-tasking -> Device: YES, App: YES
2015-03-08 17:01:29.813 seeqi[5824:245960] Unlimited access to network resources
2015-03-08 17:01:29.987 seeqi[5824:245960] [CDVTimer][keyboard] 0.055015ms
2015-03-08 17:01:29.987 seeqi[5824:245960] [CDVTimer][TotalPluginStartup] 0.198960ms
2015-03-08 17:01:30.671 seeqi[5824:245960] Resetting plugins due to page load.
2015-03-08 17:01:31.069 seeqi[5824:245960] Finished load of: file:///Users/dqj/Library/Developer/CoreSimulator/Devices/B0F5A090-0655-4A90-9DAF-CFEC0E02B6FA/data/Containers/Bundle/Application/7ED77E8E-2315-4BEE-8FC2-2CB2E4196643/seeqi.app/www/index.html#/tab/dashboard
2015-03-09 09:26:37.346 seeqi[8900:425685] DiskCookieStorage changing policy from 2 to 0, cookie file: file:///Users/dqj/Library/Developer/CoreSimulator/Devices/B0F5A090-0655-4A90-9DAF-CFEC0E02B6FA/data/Containers/Data/Application/5598993D-8A80-42C8-B77C-1EAA7BE2D87C/Library/Cookies/Cookies.binarycookies
2015-03-09 09:26:37.575 seeqi[8900:425685] Apache Cordova native platform version 3.8.0 is starting.
2015-03-09 09:26:37.575 seeqi[8900:425685] Multi-tasking -> Device: YES, App: YES
2015-03-09 09:26:37.587 seeqi[8900:425685] Unlimited access to network resources
2015-03-09 09:26:38.086 seeqi[8900:425685] [CDVTimer][keyboard] 0.054002ms
2015-03-09 09:26:38.086 seeqi[8900:425685] [CDVTimer][TotalPluginStartup] 0.184000ms
2015-03-09 09:26:38.285 seeqi[8900:425685] Resetting plugins due to page load.
2015-03-09 09:26:38.963 seeqi[8900:425685] Finished load of: file:///Users/dqj/Library/Developer/CoreSimulator/Devices/B0F5A090-0655-4A90-9DAF-CFEC0E02B6FA/data/Containers/Bundle/Application/2BC7F4D2-2EFE-40D4-AB8E-929CD48C26DF/seeqi.app/www/index.html#/tab/dashboard
2015-03-09 12:21:10.280 seeqi[9879:476651] Apache Cordova native platform version 3.8.0 is starting.
2015-03-09 12:21:10.282 seeqi[9879:476651] Multi-tasking -> Device: YES, App: YES
2015-03-09 12:21:10.295 seeqi[9879:476651] Unlimited access to network resources
2015-03-09 12:21:10.719 seeqi[9879:476651] [CDVTimer][keyboard] 0.057995ms
2015-03-09 12:21:10.719 seeqi[9879:476651] [CDVTimer][TotalPluginStartup] 0.218987ms
2015-03-09 12:21:10.866 seeqi[9879:476651] Resetting plugins due to page load.
2015-03-09 12:21:11.439 seeqi[9879:476651] Finished load of: file:///Users/dqj/Library/Developer/CoreSimulator/Devices/B0F5A090-0655-4A90-9DAF-CFEC0E02B6FA/data/Containers/Bundle/Application/C3008009-EB05-4F3A-A445-0200950FEE9A/seeqi.app/www/index.html#/tab/dashboard
2015-03-09 14:10:41.920 seeqi[11003:517952] Apache Cordova native platform version 3.8.0 is starting.
2015-03-09 14:10:41.920 seeqi[11003:517952] Multi-tasking -> Device: YES, App: YES
2015-03-09 14:10:41.922 seeqi[11003:517952] Unlimited access to network resources
2015-03-09 14:10:42.060 seeqi[11003:517952] [CDVTimer][keyboard] 0.047028ms
2015-03-09 14:10:42.060 seeqi[11003:517952] [CDVTimer][TotalPluginStartup] 0.189006ms
2015-03-09 14:10:42.114 seeqi[11003:517952] Resetting plugins due to page load.
2015-03-09 14:10:42.519 seeqi[11003:517952] Finished load of: file:///Users/dqj/Library/Developer/CoreSimulator/Devices/B0F5A090-0655-4A90-9DAF-CFEC0E02B6FA/data/Containers/Bundle/Application/100C7D86-8BEC-4D5F-9373-9799E4AEDA74/seeqi.app/www/index.html#/tab/dashboard
2015-03-11 08:37:01.586 seeqi[2916:131816] DiskCookieStorage changing policy from 2 to 0, cookie file: file:///Users/dqj/Library/Developer/CoreSimulator/Devices/0AEB9E86-9A71-4CF3-8563-CFC8B2D66D67/data/Containers/Data/Application/A971153C-B2FC-431B-AE39-6EF39A084F75/Library/Cookies/Cookies.binarycookies
2015-03-11 08:37:01.833 seeqi[2916:131816] Apache Cordova native platform version 3.8.0 is starting.
2015-03-11 08:37:01.833 seeqi[2916:131816] Multi-tasking -> Device: YES, App: YES
2015-03-11 08:37:01.844 seeqi[2916:131816] Unlimited access to network resources
2015-03-11 08:37:02.160 seeqi[2916:131816] [CDVTimer][keyboard] 0.060976ms
2015-03-11 08:37:02.160 seeqi[2916:131816] [CDVTimer][TotalPluginStartup] 0.205040ms
2015-03-11 08:37:02.528 seeqi[2916:131816] Resetting plugins due to page load.
2015-03-11 08:37:03.010 seeqi[2916:131816] Finished load of: file:///Users/dqj/Library/Developer/CoreSimulator/Devices/0AEB9E86-9A71-4CF3-8563-CFC8B2D66D67/data/Containers/Bundle/Application/FA2EF60F-1865-4E84-94F3-EA19481E0C8F/seeqi.app/www/index.html#/tab/dashboard
2015-03-11 12:30:09.548 seeqi[2916:221846] Terminating since there is no system app.
2015-03-11 15:25:49.625 seeqi[6229:286603] Apache Cordova native platform version 3.8.0 is starting.
2015-03-11 15:25:49.629 seeqi[6229:286603] Multi-tasking -> Device: YES, App: YES
2015-03-11 15:25:49.649 seeqi[6229:286603] Unlimited access to network resources
2015-03-11 15:25:50.003 seeqi[6229:286603] [CDVTimer][keyboard] 0.050008ms
2015-03-11 15:25:50.003 seeqi[6229:286603] [CDVTimer][TotalPluginStartup] 0.221968ms
2015-03-11 15:25:50.175 seeqi[6229:286603] Resetting plugins due to page load.
2015-03-11 15:25:50.961 seeqi[6229:286603] Finished load of: file:///Users/dqj/Library/Developer/CoreSimulator/Devices/0AEB9E86-9A71-4CF3-8563-CFC8B2D66D67/data/Containers/Bundle/Application/80389FBD-38A9-4BAE-A3E5-95D80909353A/seeqi.app/www/index.html#/tab/dashboard
2015-03-12 09:55:31.282 seeqi[40180:494125] Apache Cordova native platform version 3.8.0 is starting.
2015-03-12 09:55:31.284 seeqi[40180:494125] Multi-tasking -> Device: YES, App: YES
2015-03-12 09:55:31.311 seeqi[40180:494125] Unlimited access to network resources
2015-03-12 09:55:31.698 seeqi[40180:494125] [CDVTimer][keyboard] 0.063956ms
2015-03-12 09:55:31.698 seeqi[40180:494125] [CDVTimer][TotalPluginStartup] 0.221014ms
2015-03-12 09:55:31.909 seeqi[40180:494125] Resetting plugins due to page load.
2015-03-12 09:55:32.871 seeqi[40180:494125] Finished load of: file:///Users/dqj/Library/Developer/CoreSimulator/Devices/0AEB9E86-9A71-4CF3-8563-CFC8B2D66D67/data/Containers/Bundle/Application/BD3956B2-79EE-4A61-B827-DBEF90A216DA/seeqi.app/www/index.html#/tab/dashboard
2015-03-12 19:10:06.138 cogentQI[42713:684649] DiskCookieStorage changing policy from 2 to 0, cookie file: file:///Users/dqj/Library/Developer/CoreSimulator/Devices/0AEB9E86-9A71-4CF3-8563-CFC8B2D66D67/data/Containers/Data/Application/E13ED2E0-C737-4E20-9E15-6021FDCFAD4A/Library/Cookies/Cookies.binarycookies
2015-03-12 19:10:06.421 cogentQI[42713:684649] Apache Cordova native platform version 3.8.0 is starting.
2015-03-12 19:10:06.421 cogentQI[42713:684649] Multi-tasking -> Device: YES, App: YES
2015-03-12 19:10:06.440 cogentQI[42713:684649] Unlimited access to network resources
2015-03-12 19:10:06.735 cogentQI[42713:684649] [CDVTimer][keyboard] 0.088990ms
2015-03-12 19:10:06.735 cogentQI[42713:684649] [CDVTimer][TotalPluginStartup] 0.774980ms
2015-03-12 19:10:07.085 cogentQI[42713:684649] Resetting plugins due to page load.
2015-03-12 19:10:07.710 cogentQI[42713:684649] Finished load of: file:///Users/dqj/Library/Developer/CoreSimulator/Devices/0AEB9E86-9A71-4CF3-8563-CFC8B2D66D67/data/Containers/Bundle/Application/10DC88C5-D212-4BA1-AD73-C5AFE00F5DBC/cogentQI.app/www/index.html#/tab/dashboard
2015-03-12 19:10:18.151 cogentQI[42713:684649] Resetting plugins due to page load.
2015-03-12 19:10:18.154 cogentQI[42713:684649] Failed to load webpage with error: Frame load interrupted
